0 info it worked if it ends with ok
1 verbose cli [ '/home/kris/.node/bin/node',
1 verbose cli   '/home/kris/.node/bin/npm',
1 verbose cli   'install' ]
2 info using npm@2.14.7
3 info using node@v4.2.3
4 verbose config Skipping project config: /home/kris/.npmrc. (matches userconfig)
5 verbose readDependencies loading dependencies from /home/kris/package.json
6 error install Couldn't read dependencies
7 verbose stack Error: ENOENT: no such file or directory, open '/home/kris/package.json'
7 verbose stack     at Error (native)
8 verbose cwd /home/kris/Documents/401/KrisHugheshw1/simple_modular_patterns_and_tests
9 error Linux 3.19.0-42-generic
10 error argv "/home/kris/.node/bin/node" "/home/kris/.node/bin/npm" "install"
11 error node v4.2.3
12 error npm  v2.14.7
13 error path /home/kris/package.json
14 error code ENOPACKAGEJSON
15 error errno -2
16 error syscall open
17 error package.json ENOENT: no such file or directory, open '/home/kris/package.json'
17 error package.json This is most likely not a problem with npm itself.
17 error package.json npm can't find a package.json file in your current directory.
18 verbose exit [ -2, true ]
